/home/jules/.pyenv/versions/3.12.12/lib/python3.12/site-packages/django/db/backends/utils.py:98: RuntimeWarning: Accessing the database during app initialization is discouraged. To fix this warning, avoid executing queries in AppConfig.ready() or when your app modules are imported.
  warnings.warn(self.APPS_NOT_READY_WARNING_MSG, category=RuntimeWarning)
/home/jules/.pyenv/versions/3.12.12/lib/python3.12/site-packages/django/db/backends/utils.py:98: RuntimeWarning: Accessing the database during app initialization is discouraged. To fix this warning, avoid executing queries in AppConfig.ready() or when your app modules are imported.
  warnings.warn(self.APPS_NOT_READY_WARNING_MSG, category=RuntimeWarning)
Watching for file changes with StatReloader
Not Found: /accounts/login/
[12/Dec/2025 14:34:23] "GET /accounts/login/ HTTP/1.1" 404 4683
Not Found: /accounts/login/
[12/Dec/2025 14:35:01] "HEAD /accounts/login/ HTTP/1.1" 404 0
[12/Dec/2025 14:35:37] "GET / HTTP/1.1" 200 4524
[12/Dec/2025 14:35:37] "GET /static/img/iMDiz.png HTTP/1.1" 200 1990811
[12/Dec/2025 14:35:38] "POST / HTTP/1.1" 302 0
[12/Dec/2025 14:35:39] "GET /attendance/ HTTP/1.1" 200 7712
[12/Dec/2025 14:35:39] "POST /logout/ HTTP/1.1" 302 0
[12/Dec/2025 14:35:39] "GET / HTTP/1.1" 200 4524
[12/Dec/2025 14:35:39] "GET /attendance/dtr/ HTTP/1.1" 200 8779
[12/Dec/2025 14:35:39] "POST /logout/ HTTP/1.1" 302 0
[12/Dec/2025 14:35:39] "GET / HTTP/1.1" 200 4524
Internal Server Error: /scheduling/reset-data/
Traceback (most recent call last):
  File "/home/jules/.pyenv/versions/3.12.12/lib/python3.12/site-packages/django/core/handlers/exception.py", line 55, in inner
    response = get_response(request)
               ^^^^^^^^^^^^^^^^^^^^^
  File "/home/jules/.pyenv/versions/3.12.12/lib/python3.12/site-packages/django/core/handlers/base.py", line 198, in _get_response
    response = wrapped_callback(request, *callback_args, **callback_kwargs)
               ^^^^^^^^^^^^^^^^^^^^^^^^^^^^^^^^^^^^^^^^^^^^^^^^^^^^^^^^^^^^
  File "/home/jules/.pyenv/versions/3.12.12/lib/python3.12/site-packages/django/contrib/auth/decorators.py", line 56, in _view_wrapper
    test_pass = test_func(request.user)
                ^^^^^^^^^^^^^^^^^^^^^^^
  File "/app/scheduling/views.py", line 511, in <lambda>
    @user_passes_test(lambda u: u.tier == 'administrator' or u.is_superuser)
                                ^^^^^^
  File "/home/jules/.pyenv/versions/3.12.12/lib/python3.12/site-packages/django/utils/functional.py", line 253, in inner
    return func(_wrapped, *args)
           ^^^^^^^^^^^^^^^^^^^^^
AttributeError: 'AnonymousUser' object has no attribute 'tier'
[12/Dec/2025 14:35:39] "GET /scheduling/reset-data/ HTTP/1.1" 500 72451
/app/scheduling/views.py changed, reloading.
Performing system checks...

System check identified no issues (0 silenced).
December 12, 2025 - 14:33:25
Django version 6.0, using settings 'hris_project.settings'
Starting development server at http://0.0.0.0:8000/
Quit the server with CONTROL-C.

WARNING: This is a development server. Do not use it in a production setting. Use a production WSGI or ASGI server instead.
For more information on production servers see: https://docs.djangoproject.com/en/6.0/howto/deployment/
/home/jules/.pyenv/versions/3.12.12/lib/python3.12/site-packages/django/db/backends/utils.py:98: RuntimeWarning: Accessing the database during app initialization is discouraged. To fix this warning, avoid executing queries in AppConfig.ready() or when your app modules are imported.
  warnings.warn(self.APPS_NOT_READY_WARNING_MSG, category=RuntimeWarning)
Watching for file changes with StatReloader
[12/Dec/2025 14:36:31] "GET / HTTP/1.1" 200 4524
[12/Dec/2025 14:36:31] "GET /static/img/iMDiz.png HTTP/1.1" 200 1990811
[12/Dec/2025 14:36:32] "POST / HTTP/1.1" 302 0
[12/Dec/2025 14:36:32] "GET /attendance/ HTTP/1.1" 200 7712
[12/Dec/2025 14:36:32] "POST /logout/ HTTP/1.1" 302 0
[12/Dec/2025 14:36:32] "GET /attendance/dtr/ HTTP/1.1" 200 8779
[12/Dec/2025 14:36:32] "GET / HTTP/1.1" 200 4524
[12/Dec/2025 14:36:32] "POST /logout/ HTTP/1.1" 302 0
[12/Dec/2025 14:36:32] "GET /scheduling/reset-data/ HTTP/1.1" 302 0
[12/Dec/2025 14:36:32] "GET / HTTP/1.1" 200 4524
[12/Dec/2025 14:36:32] "GET /?next=/scheduling/reset-data/ HTTP/1.1" 200 4524
